0 info it worked if it ends with ok
1 verbose cli [ '/usr/local/bin/node',
1 verbose cli   '/usr/local/bin/npm',
1 verbose cli   'install',
1 verbose cli   'omiscient',
1 verbose cli   '--save' ]
2 info using npm@1.4.28
3 info using node@v0.10.32
4 verbose cache add [ 'omiscient', null ]
5 verbose cache add name=undefined spec="omiscient" args=["omiscient",null]
6 verbose parsed url { protocol: null,
6 verbose parsed url   slashes: null,
6 verbose parsed url   auth: null,
6 verbose parsed url   host: null,
6 verbose parsed url   port: null,
6 verbose parsed url   hostname: null,
6 verbose parsed url   hash: null,
6 verbose parsed url   search: null,
6 verbose parsed url   query: null,
6 verbose parsed url   pathname: 'omiscient',
6 verbose parsed url   path: 'omiscient',
6 verbose parsed url   href: 'omiscient' }
7 silly lockFile 44e59fbf-omiscient omiscient
8 verbose lock omiscient /home/roliva/.npm/44e59fbf-omiscient.lock
9 silly lockFile 44e59fbf-omiscient omiscient
10 silly lockFile 44e59fbf-omiscient omiscient
11 verbose addNamed [ 'omiscient', '' ]
12 verbose addNamed [ null, '*' ]
13 silly lockFile 2119bf91-omiscient omiscient@
14 verbose lock omiscient@ /home/roliva/.npm/2119bf91-omiscient.lock
15 silly addNameRange { name: 'omiscient', range: '*', hasData: false }
16 verbose request where is /omiscient
17 verbose request registry https://registry.npmjs.org/
18 verbose request id 249a9555615ab19e
19 verbose url raw /omiscient
20 verbose url resolving [ 'https://registry.npmjs.org/', './omiscient' ]
21 verbose url resolved https://registry.npmjs.org/omiscient
22 verbose request where is https://registry.npmjs.org/omiscient
23 info trying registry request attempt 1 at 10:54:35
24 http GET https://registry.npmjs.org/omiscient
25 http 404 https://registry.npmjs.org/omiscient
26 verbose headers { server: 'CouchDB/1.5.0 (Erlang OTP/R16B03)',
26 verbose headers   'content-type': 'application/json',
26 verbose headers   'cache-control': 'max-age=0',
26 verbose headers   'content-length': '51',
26 verbose headers   'accept-ranges': 'bytes',
26 verbose headers   date: 'Tue, 02 Jun 2015 08:54:36 GMT',
26 verbose headers   via: '1.1 varnish',
26 verbose headers   age: '0',
26 verbose headers   connection: 'keep-alive',
26 verbose headers   'x-served-by': 'cache-ams4128-AMS',
26 verbose headers   'x-cache': 'MISS',
26 verbose headers   'x-cache-hits': '0',
26 verbose headers   'x-timer': 'S1433235276.049502,VS0,VE98' }
27 silly registry.get cb [ 404,
27 silly registry.get   { server: 'CouchDB/1.5.0 (Erlang OTP/R16B03)',
27 silly registry.get     'content-type': 'application/json',
27 silly registry.get     'cache-control': 'max-age=0',
27 silly registry.get     'content-length': '51',
27 silly registry.get     'accept-ranges': 'bytes',
27 silly registry.get     date: 'Tue, 02 Jun 2015 08:54:36 GMT',
27 silly registry.get     via: '1.1 varnish',
27 silly registry.get     age: '0',
27 silly registry.get     connection: 'keep-alive',
27 silly registry.get     'x-served-by': 'cache-ams4128-AMS',
27 silly registry.get     'x-cache': 'MISS',
27 silly registry.get     'x-cache-hits': '0',
27 silly registry.get     'x-timer': 'S1433235276.049502,VS0,VE98' } ]
28 silly lockFile 2119bf91-omiscient omiscient@
29 silly lockFile 2119bf91-omiscient omiscient@
30 error 404 404 Not Found: omiscient
30 error 404
30 error 404 'omiscient' is not in the npm registry.
30 error 404 You should bug the author to publish it
30 error 404
30 error 404 Note that you can also install from a
30 error 404 tarball, folder, or http url, or git url.
31 error System Linux 3.16.0-38-generic
32 error command "/usr/local/bin/node" "/usr/local/bin/npm" "install" "omiscient" "--save"
33 error cwd /home/roliva/workspace/cybele
34 error node -v v0.10.32
35 error npm -v 1.4.28
36 error code E404
37 verbose exit [ 1, true ]
